2016-06-29 22:05:13,843 [Worker-16] INFO  o.e.m.c.i.l.LifecycleMappingFactory - Using org.eclipse.m2e.jdt.JarLifecycleMapping lifecycle mapping for MavenProject: org.apache.uima:ruta-example-german-novels:0.0.1-SNAPSHOT @ C:\Users\Cami\Documents\Faca\Materias\4to\Diseño de Sistemas de Software\javanlp\example-projects\GermanNovels\pom.xml.
2016-06-29 22:05:19,402 [Worker-16] WARN  o.e.m.c.i.embedder.EclipseLogger - Using platform encoding (Cp1252 actually) to copy filtered resources, i.e. build is platform dependent!
2016-06-29 22:05:19,455 [Worker-16] INFO  o.e.m.c.i.embedder.EclipseLogger - skip non existing resourceDirectory C:\Users\Cami\Documents\Faca\Materias\4to\Diseño de Sistemas de Software\javanlp\example-projects\GermanNovels\src\main\resources
2016-06-29 22:05:20,739 [Worker-24] INFO  o.e.m.c.i.l.LifecycleMappingFactory - Using org.eclipse.m2e.jdt.JarLifecycleMapping lifecycle mapping for MavenProject: org.apache.uima:ruta-example-german-novels:0.0.1-SNAPSHOT @ C:\Users\Cami\Documents\Faca\Materias\4to\Diseño de Sistemas de Software\javanlp\example-projects\GermanNovels\pom.xml.
2016-06-29 22:05:20,743 [Worker-16] WARN  o.e.m.c.i.embedder.EclipseLogger - Using platform encoding (Cp1252 actually) to copy filtered resources, i.e. build is platform dependent!
2016-06-29 22:05:20,760 [Worker-16] INFO  o.e.m.c.i.embedder.EclipseLogger - skip non existing resourceDirectory C:\Users\Cami\Documents\Faca\Materias\4to\Diseño de Sistemas de Software\javanlp\example-projects\GermanNovels\src\test\resources
2016-06-30 15:16:54,549 [main] INFO  c.g.t.t.d.PublishedGradleVersions - Gradle version information cache file is out-of-date. Remote download required.
2016-06-30 16:26:10,397 [Worker-90] WARN  o.e.m.c.i.embedder.EclipseLogger - Using platform encoding (Cp1252 actually) to copy filtered resources, i.e. build is platform dependent!
2016-06-30 16:26:10,419 [Worker-90] INFO  o.e.m.c.i.embedder.EclipseLogger - skip non existing resourceDirectory C:\Users\Cami\Documents\Faca\Materias\4to\Diseño de Sistemas de Software\javanlp\example-projects\GermanNovels\src\main\resources
2016-06-30 16:26:10,425 [Worker-90] WARN  o.e.m.c.i.embedder.EclipseLogger - Using platform encoding (Cp1252 actually) to copy filtered resources, i.e. build is platform dependent!
2016-06-30 16:26:10,440 [Worker-90] INFO  o.e.m.c.i.embedder.EclipseLogger - skip non existing resourceDirectory C:\Users\Cami\Documents\Faca\Materias\4to\Diseño de Sistemas de Software\javanlp\example-projects\GermanNovels\src\test\resources
2016-06-30 16:48:16,732 [main] INFO  c.g.t.t.d.PublishedGradleVersions - Gradle version information cache file is not out-of-date. No remote download required.
2016-06-30 16:57:11,343 [Worker-11] WARN  o.e.m.c.i.embedder.EclipseLogger - Using platform encoding (Cp1252 actually) to copy filtered resources, i.e. build is platform dependent!
2016-06-30 16:57:11,360 [Worker-11] INFO  o.e.m.c.i.embedder.EclipseLogger - skip non existing resourceDirectory C:\Users\Cami\Documents\Faca\Materias\4to\Diseño de Sistemas de Software\javanlp\example-projects\GermanNovels\src\main\resources
2016-06-30 16:57:11,364 [Worker-11] WARN  o.e.m.c.i.embedder.EclipseLogger - Using platform encoding (Cp1252 actually) to copy filtered resources, i.e. build is platform dependent!
2016-06-30 16:57:11,372 [Worker-11] INFO  o.e.m.c.i.embedder.EclipseLogger - skip non existing resourceDirectory C:\Users\Cami\Documents\Faca\Materias\4to\Diseño de Sistemas de Software\javanlp\example-projects\GermanNovels\src\test\resources
2016-06-30 16:57:33,401 [main] INFO  c.g.t.t.d.PublishedGradleVersions - Gradle version information cache file is not out-of-date. No remote download required.
2016-06-30 17:36:35,882 [Worker-54] WARN  o.e.m.c.i.embedder.EclipseLogger - Using platform encoding (Cp1252 actually) to copy filtered resources, i.e. build is platform dependent!
2016-06-30 17:36:35,919 [Worker-54] INFO  o.e.m.c.i.embedder.EclipseLogger - skip non existing resourceDirectory C:\Users\Cami\Documents\Faca\Materias\4to\Diseño de Sistemas de Software\javanlp\example-projects\GermanNovels\src\main\resources
2016-06-30 17:36:35,923 [Worker-54] WARN  o.e.m.c.i.embedder.EclipseLogger - Using platform encoding (Cp1252 actually) to copy filtered resources, i.e. build is platform dependent!
2016-06-30 17:36:35,940 [Worker-54] INFO  o.e.m.c.i.embedder.EclipseLogger - skip non existing resourceDirectory C:\Users\Cami\Documents\Faca\Materias\4to\Diseño de Sistemas de Software\javanlp\example-projects\GermanNovels\src\test\resources
2016-06-30 17:36:36,350 [Worker-46] WARN  o.e.m.c.i.embedder.EclipseLogger - Using platform encoding (Cp1252 actually) to copy filtered resources, i.e. build is platform dependent!
2016-06-30 17:36:36,362 [Worker-46] INFO  o.e.m.c.i.embedder.EclipseLogger - skip non existing resourceDirectory C:\Users\Cami\Documents\Faca\Materias\4to\Diseño de Sistemas de Software\javanlp\example-projects\GermanNovels\src\main\resources
2016-06-30 17:36:36,365 [Worker-46] WARN  o.e.m.c.i.embedder.EclipseLogger - Using platform encoding (Cp1252 actually) to copy filtered resources, i.e. build is platform dependent!
2016-06-30 17:36:36,377 [Worker-46] INFO  o.e.m.c.i.embedder.EclipseLogger - skip non existing resourceDirectory C:\Users\Cami\Documents\Faca\Materias\4to\Diseño de Sistemas de Software\javanlp\example-projects\GermanNovels\src\test\resources
2016-06-30 18:15:09,464 [Worker-99] WARN  o.e.m.c.i.embedder.EclipseLogger - Using platform encoding (Cp1252 actually) to copy filtered resources, i.e. build is platform dependent!
2016-06-30 18:15:09,494 [Worker-99] INFO  o.e.m.c.i.embedder.EclipseLogger - skip non existing resourceDirectory C:\Users\Cami\Documents\Faca\Materias\4to\Diseño de Sistemas de Software\javanlp\example-projects\GermanNovels\src\main\resources
2016-06-30 18:15:09,498 [Worker-99] WARN  o.e.m.c.i.embedder.EclipseLogger - Using platform encoding (Cp1252 actually) to copy filtered resources, i.e. build is platform dependent!
2016-06-30 18:15:09,533 [Worker-99] INFO  o.e.m.c.i.embedder.EclipseLogger - skip non existing resourceDirectory C:\Users\Cami\Documents\Faca\Materias\4to\Diseño de Sistemas de Software\javanlp\example-projects\GermanNovels\src\test\resources
2016-06-30 19:03:45,350 [Worker-10] WARN  o.e.m.c.i.embedder.EclipseLogger - Using platform encoding (Cp1252 actually) to copy filtered resources, i.e. build is platform dependent!
2016-06-30 19:03:45,364 [Worker-10] INFO  o.e.m.c.i.embedder.EclipseLogger - skip non existing resourceDirectory C:\Users\Cami\Documents\Faca\Materias\4to\Diseño de Sistemas de Software\javanlp\example-projects\GermanNovels\src\main\resources
2016-06-30 19:03:45,369 [Worker-10] WARN  o.e.m.c.i.embedder.EclipseLogger - Using platform encoding (Cp1252 actually) to copy filtered resources, i.e. build is platform dependent!
2016-06-30 19:03:45,377 [Worker-10] INFO  o.e.m.c.i.embedder.EclipseLogger - skip non existing resourceDirectory C:\Users\Cami\Documents\Faca\Materias\4to\Diseño de Sistemas de Software\javanlp\example-projects\GermanNovels\src\test\resources
2016-06-30 19:03:50,660 [main] INFO  c.g.t.t.d.PublishedGradleVersions - Gradle version information cache file is not out-of-date. No remote download required.
2016-07-01 11:32:21,802 [Worker-9] WARN  o.e.m.c.i.embedder.EclipseLogger - Using platform encoding (Cp1252 actually) to copy filtered resources, i.e. build is platform dependent!
2016-07-01 11:32:21,848 [Worker-9] INFO  o.e.m.c.i.embedder.EclipseLogger - skip non existing resourceDirectory C:\Users\Cami\Documents\Faca\Materias\4to\Diseño de Sistemas de Software\javanlp\example-projects\GermanNovels\src\main\resources
2016-07-01 11:32:21,848 [Worker-9] WARN  o.e.m.c.i.embedder.EclipseLogger - Using platform encoding (Cp1252 actually) to copy filtered resources, i.e. build is platform dependent!
2016-07-01 11:32:21,864 [Worker-9] INFO  o.e.m.c.i.embedder.EclipseLogger - skip non existing resourceDirectory C:\Users\Cami\Documents\Faca\Materias\4to\Diseño de Sistemas de Software\javanlp\example-projects\GermanNovels\src\test\resources
2016-07-01 11:32:33,241 [Worker-1] WARN  o.e.m.c.i.embedder.EclipseLogger - Using platform encoding (Cp1252 actually) to copy filtered resources, i.e. build is platform dependent!
2016-07-01 11:32:33,257 [Worker-1] INFO  o.e.m.c.i.embedder.EclipseLogger - skip non existing resourceDirectory C:\Users\Cami\Documents\Faca\Materias\4to\Diseño de Sistemas de Software\javanlp\example-projects\GermanNovels\src\main\resources
2016-07-01 11:32:33,257 [Worker-1] WARN  o.e.m.c.i.embedder.EclipseLogger - Using platform encoding (Cp1252 actually) to copy filtered resources, i.e. build is platform dependent!
2016-07-01 11:32:33,288 [Worker-1] INFO  o.e.m.c.i.embedder.EclipseLogger - skip non existing resourceDirectory C:\Users\Cami\Documents\Faca\Materias\4to\Diseño de Sistemas de Software\javanlp\example-projects\GermanNovels\src\test\resources
2016-07-01 11:32:33,788 [main] INFO  c.g.t.t.d.PublishedGradleVersions - Gradle version information cache file is not out-of-date. No remote download required.
2016-07-02 10:06:42,476 [Worker-11] WARN  o.e.m.c.i.embedder.EclipseLogger - Using platform encoding (Cp1252 actually) to copy filtered resources, i.e. build is platform dependent!
2016-07-02 10:06:42,519 [Worker-11] INFO  o.e.m.c.i.embedder.EclipseLogger - skip non existing resourceDirectory C:\Users\Cami\Documents\Faca\Materias\4to\Diseño de Sistemas de Software\javanlp\example-projects\GermanNovels\src\main\resources
2016-07-02 10:06:42,523 [Worker-11] WARN  o.e.m.c.i.embedder.EclipseLogger - Using platform encoding (Cp1252 actually) to copy filtered resources, i.e. build is platform dependent!
2016-07-02 10:06:42,539 [Worker-11] INFO  o.e.m.c.i.embedder.EclipseLogger - skip non existing resourceDirectory C:\Users\Cami\Documents\Faca\Materias\4to\Diseño de Sistemas de Software\javanlp\example-projects\GermanNovels\src\test\resources
2016-07-02 11:04:29,920 [main] INFO  c.g.t.t.d.PublishedGradleVersions - Gradle version information cache file is out-of-date. Remote download required.
2016-07-02 11:09:56,880 [Worker-47] WARN  o.e.m.c.i.embedder.EclipseLogger - Using platform encoding (Cp1252 actually) to copy filtered resources, i.e. build is platform dependent!
2016-07-02 11:09:56,899 [Worker-47] INFO  o.e.m.c.i.embedder.EclipseLogger - skip non existing resourceDirectory C:\Users\Cami\Documents\Faca\Materias\4to\Diseño de Sistemas de Software\javanlp\example-projects\GermanNovels\src\main\resources
2016-07-02 11:09:56,903 [Worker-47] WARN  o.e.m.c.i.embedder.EclipseLogger - Using platform encoding (Cp1252 actually) to copy filtered resources, i.e. build is platform dependent!
2016-07-02 11:09:56,925 [Worker-47] INFO  o.e.m.c.i.embedder.EclipseLogger - skip non existing resourceDirectory C:\Users\Cami\Documents\Faca\Materias\4to\Diseño de Sistemas de Software\javanlp\example-projects\GermanNovels\src\test\resources
2016-07-02 11:09:58,012 [Worker-56] WARN  o.e.m.c.i.embedder.EclipseLogger - Using platform encoding (Cp1252 actually) to copy filtered resources, i.e. build is platform dependent!
2016-07-02 11:09:58,028 [Worker-56] INFO  o.e.m.c.i.embedder.EclipseLogger - skip non existing resourceDirectory C:\Users\Cami\Documents\Faca\Materias\4to\Diseño de Sistemas de Software\javanlp\example-projects\GermanNovels\src\main\resources
2016-07-02 11:09:58,030 [Worker-56] WARN  o.e.m.c.i.embedder.EclipseLogger - Using platform encoding (Cp1252 actually) to copy filtered resources, i.e. build is platform dependent!
2016-07-02 11:09:58,041 [Worker-56] INFO  o.e.m.c.i.embedder.EclipseLogger - skip non existing resourceDirectory C:\Users\Cami\Documents\Faca\Materias\4to\Diseño de Sistemas de Software\javanlp\example-projects\GermanNovels\src\test\resources
2016-07-02 11:12:30,394 [Worker-59] WARN  o.e.m.c.i.embedder.EclipseLogger - Using platform encoding (Cp1252 actually) to copy filtered resources, i.e. build is platform dependent!
2016-07-02 11:12:30,408 [Worker-59] INFO  o.e.m.c.i.embedder.EclipseLogger - skip non existing resourceDirectory C:\Users\Cami\Documents\Faca\Materias\4to\Diseño de Sistemas de Software\javanlp\example-projects\GermanNovels\src\main\resources
2016-07-02 11:12:30,412 [Worker-59] WARN  o.e.m.c.i.embedder.EclipseLogger - Using platform encoding (Cp1252 actually) to copy filtered resources, i.e. build is platform dependent!
2016-07-02 11:12:30,446 [Worker-59] INFO  o.e.m.c.i.embedder.EclipseLogger - skip non existing resourceDirectory C:\Users\Cami\Documents\Faca\Materias\4to\Diseño de Sistemas de Software\javanlp\example-projects\GermanNovels\src\test\resources
2016-07-02 11:13:33,127 [Worker-58] WARN  o.e.m.c.i.embedder.EclipseLogger - Using platform encoding (Cp1252 actually) to copy filtered resources, i.e. build is platform dependent!
2016-07-02 11:13:33,143 [Worker-58] INFO  o.e.m.c.i.embedder.EclipseLogger - skip non existing resourceDirectory C:\Users\Cami\Documents\Faca\Materias\4to\Diseño de Sistemas de Software\javanlp\example-projects\GermanNovels\src\main\resources
2016-07-02 11:13:33,147 [Worker-58] WARN  o.e.m.c.i.embedder.EclipseLogger - Using platform encoding (Cp1252 actually) to copy filtered resources, i.e. build is platform dependent!
2016-07-02 11:13:33,175 [Worker-58] INFO  o.e.m.c.i.embedder.EclipseLogger - skip non existing resourceDirectory C:\Users\Cami\Documents\Faca\Materias\4to\Diseño de Sistemas de Software\javanlp\example-projects\GermanNovels\src\test\resources
2016-07-02 11:13:35,717 [Worker-61] WARN  o.e.m.c.i.embedder.EclipseLogger - Using platform encoding (Cp1252 actually) to copy filtered resources, i.e. build is platform dependent!
2016-07-02 11:13:35,729 [Worker-61] INFO  o.e.m.c.i.embedder.EclipseLogger - skip non existing resourceDirectory C:\Users\Cami\Documents\Faca\Materias\4to\Diseño de Sistemas de Software\javanlp\example-projects\GermanNovels\src\main\resources
2016-07-02 11:13:35,745 [Worker-61] WARN  o.e.m.c.i.embedder.EclipseLogger - Using platform encoding (Cp1252 actually) to copy filtered resources, i.e. build is platform dependent!
2016-07-02 11:13:35,770 [Worker-61] INFO  o.e.m.c.i.embedder.EclipseLogger - skip non existing resourceDirectory C:\Users\Cami\Documents\Faca\Materias\4to\Diseño de Sistemas de Software\javanlp\example-projects\GermanNovels\src\test\resources
2016-07-02 11:14:01,550 [Worker-58] WARN  o.e.m.c.i.embedder.EclipseLogger - Using platform encoding (Cp1252 actually) to copy filtered resources, i.e. build is platform dependent!
2016-07-02 11:14:01,582 [Worker-58] INFO  o.e.m.c.i.embedder.EclipseLogger - skip non existing resourceDirectory C:\Users\Cami\Documents\Faca\Materias\4to\Diseño de Sistemas de Software\javanlp\example-projects\GermanNovels\src\main\resources
2016-07-02 11:14:01,584 [Worker-58] WARN  o.e.m.c.i.embedder.EclipseLogger - Using platform encoding (Cp1252 actually) to copy filtered resources, i.e. build is platform dependent!
2016-07-02 11:14:01,613 [Worker-58] INFO  o.e.m.c.i.embedder.EclipseLogger - skip non existing resourceDirectory C:\Users\Cami\Documents\Faca\Materias\4to\Diseño de Sistemas de Software\javanlp\example-projects\GermanNovels\src\test\resources
2016-07-02 11:14:05,493 [Worker-61] WARN  o.e.m.c.i.embedder.EclipseLogger - Using platform encoding (Cp1252 actually) to copy filtered resources, i.e. build is platform dependent!
2016-07-02 11:14:05,523 [Worker-61] INFO  o.e.m.c.i.embedder.EclipseLogger - skip non existing resourceDirectory C:\Users\Cami\Documents\Faca\Materias\4to\Diseño de Sistemas de Software\javanlp\example-projects\GermanNovels\src\main\resources
2016-07-02 11:14:05,535 [Worker-61] WARN  o.e.m.c.i.embedder.EclipseLogger - Using platform encoding (Cp1252 actually) to copy filtered resources, i.e. build is platform dependent!
2016-07-02 11:14:05,571 [Worker-61] INFO  o.e.m.c.i.embedder.EclipseLogger - skip non existing resourceDirectory C:\Users\Cami\Documents\Faca\Materias\4to\Diseño de Sistemas de Software\javanlp\example-projects\GermanNovels\src\test\resources
2016-07-02 11:17:00,863 [Worker-63] WARN  o.e.m.c.i.embedder.EclipseLogger - Using platform encoding (Cp1252 actually) to copy filtered resources, i.e. build is platform dependent!
2016-07-02 11:17:00,886 [Worker-63] INFO  o.e.m.c.i.embedder.EclipseLogger - skip non existing resourceDirectory C:\Users\Cami\Documents\Faca\Materias\4to\Diseño de Sistemas de Software\javanlp\example-projects\GermanNovels\src\main\resources
2016-07-02 11:17:00,892 [Worker-63] WARN  o.e.m.c.i.embedder.EclipseLogger - Using platform encoding (Cp1252 actually) to copy filtered resources, i.e. build is platform dependent!
2016-07-02 11:17:00,915 [Worker-63] INFO  o.e.m.c.i.embedder.EclipseLogger - skip non existing resourceDirectory C:\Users\Cami\Documents\Faca\Materias\4to\Diseño de Sistemas de Software\javanlp\example-projects\GermanNovels\src\test\resources
2016-07-02 11:17:03,494 [Worker-63] WARN  o.e.m.c.i.embedder.EclipseLogger - Using platform encoding (Cp1252 actually) to copy filtered resources, i.e. build is platform dependent!
2016-07-02 11:17:03,516 [Worker-63] INFO  o.e.m.c.i.embedder.EclipseLogger - skip non existing resourceDirectory C:\Users\Cami\Documents\Faca\Materias\4to\Diseño de Sistemas de Software\javanlp\example-projects\GermanNovels\src\main\resources
2016-07-02 11:17:03,529 [Worker-63] WARN  o.e.m.c.i.embedder.EclipseLogger - Using platform encoding (Cp1252 actually) to copy filtered resources, i.e. build is platform dependent!
2016-07-02 11:17:03,555 [Worker-63] INFO  o.e.m.c.i.embedder.EclipseLogger - skip non existing resourceDirectory C:\Users\Cami\Documents\Faca\Materias\4to\Diseño de Sistemas de Software\javanlp\example-projects\GermanNovels\src\test\resources
2016-07-02 11:17:30,437 [Worker-57] WARN  o.e.m.c.i.embedder.EclipseLogger - Using platform encoding (Cp1252 actually) to copy filtered resources, i.e. build is platform dependent!
2016-07-02 11:17:30,452 [Worker-57] INFO  o.e.m.c.i.embedder.EclipseLogger - skip non existing resourceDirectory C:\Users\Cami\Documents\Faca\Materias\4to\Diseño de Sistemas de Software\javanlp\example-projects\GermanNovels\src\main\resources
2016-07-02 11:17:30,456 [Worker-57] WARN  o.e.m.c.i.embedder.EclipseLogger - Using platform encoding (Cp1252 actually) to copy filtered resources, i.e. build is platform dependent!
2016-07-02 11:17:30,483 [Worker-57] INFO  o.e.m.c.i.embedder.EclipseLogger - skip non existing resourceDirectory C:\Users\Cami\Documents\Faca\Materias\4to\Diseño de Sistemas de Software\javanlp\example-projects\GermanNovels\src\test\resources
2016-07-02 11:17:33,015 [Worker-63] WARN  o.e.m.c.i.embedder.EclipseLogger - Using platform encoding (Cp1252 actually) to copy filtered resources, i.e. build is platform dependent!
2016-07-02 11:17:33,039 [Worker-63] INFO  o.e.m.c.i.embedder.EclipseLogger - skip non existing resourceDirectory C:\Users\Cami\Documents\Faca\Materias\4to\Diseño de Sistemas de Software\javanlp\example-projects\GermanNovels\src\main\resources
2016-07-02 11:17:33,052 [Worker-63] WARN  o.e.m.c.i.embedder.EclipseLogger - Using platform encoding (Cp1252 actually) to copy filtered resources, i.e. build is platform dependent!
2016-07-02 11:17:33,081 [Worker-63] INFO  o.e.m.c.i.embedder.EclipseLogger - skip non existing resourceDirectory C:\Users\Cami\Documents\Faca\Materias\4to\Diseño de Sistemas de Software\javanlp\example-projects\GermanNovels\src\test\resources
2016-07-02 11:18:13,119 [Worker-56] WARN  o.e.m.c.i.embedder.EclipseLogger - Using platform encoding (Cp1252 actually) to copy filtered resources, i.e. build is platform dependent!
2016-07-02 11:18:13,132 [Worker-56] INFO  o.e.m.c.i.embedder.EclipseLogger - skip non existing resourceDirectory C:\Users\Cami\Documents\Faca\Materias\4to\Diseño de Sistemas de Software\javanlp\example-projects\GermanNovels\src\main\resources
2016-07-02 11:18:13,135 [Worker-56] WARN  o.e.m.c.i.embedder.EclipseLogger - Using platform encoding (Cp1252 actually) to copy filtered resources, i.e. build is platform dependent!
2016-07-02 11:18:13,167 [Worker-56] INFO  o.e.m.c.i.embedder.EclipseLogger - skip non existing resourceDirectory C:\Users\Cami\Documents\Faca\Materias\4to\Diseño de Sistemas de Software\javanlp\example-projects\GermanNovels\src\test\resources
2016-07-02 11:18:15,632 [Worker-57] WARN  o.e.m.c.i.embedder.EclipseLogger - Using platform encoding (Cp1252 actually) to copy filtered resources, i.e. build is platform dependent!
2016-07-02 11:18:15,645 [Worker-57] INFO  o.e.m.c.i.embedder.EclipseLogger - skip non existing resourceDirectory C:\Users\Cami\Documents\Faca\Materias\4to\Diseño de Sistemas de Software\javanlp\example-projects\GermanNovels\src\main\resources
2016-07-02 11:18:15,659 [Worker-57] WARN  o.e.m.c.i.embedder.EclipseLogger - Using platform encoding (Cp1252 actually) to copy filtered resources, i.e. build is platform dependent!
2016-07-02 11:18:15,687 [Worker-57] INFO  o.e.m.c.i.embedder.EclipseLogger - skip non existing resourceDirectory C:\Users\Cami\Documents\Faca\Materias\4to\Diseño de Sistemas de Software\javanlp\example-projects\GermanNovels\src\test\resources
2016-07-02 11:28:51,747 [Worker-71] WARN  o.e.m.c.i.embedder.EclipseLogger - Using platform encoding (Cp1252 actually) to copy filtered resources, i.e. build is platform dependent!
2016-07-02 11:28:51,748 [Worker-71] INFO  o.e.m.c.i.embedder.EclipseLogger - skip non existing resourceDirectory C:\Users\Cami\Documents\Faca\Materias\4to\Diseño de Sistemas de Software\javanlp\example-projects\GermanNovels\src\main\resources
2016-07-02 11:28:51,748 [Worker-71] WARN  o.e.m.c.i.embedder.EclipseLogger - Using platform encoding (Cp1252 actually) to copy filtered resources, i.e. build is platform dependent!
2016-07-02 11:28:51,778 [Worker-71] INFO  o.e.m.c.i.embedder.EclipseLogger - skip non existing resourceDirectory C:\Users\Cami\Documents\Faca\Materias\4to\Diseño de Sistemas de Software\javanlp\example-projects\GermanNovels\src\test\resources
2016-07-02 11:28:54,094 [Worker-72] WARN  o.e.m.c.i.embedder.EclipseLogger - Using platform encoding (Cp1252 actually) to copy filtered resources, i.e. build is platform dependent!
2016-07-02 11:28:54,108 [Worker-72] INFO  o.e.m.c.i.embedder.EclipseLogger - skip non existing resourceDirectory C:\Users\Cami\Documents\Faca\Materias\4to\Diseño de Sistemas de Software\javanlp\example-projects\GermanNovels\src\main\resources
2016-07-02 11:28:54,123 [Worker-72] WARN  o.e.m.c.i.embedder.EclipseLogger - Using platform encoding (Cp1252 actually) to copy filtered resources, i.e. build is platform dependent!
2016-07-02 11:28:54,150 [Worker-72] INFO  o.e.m.c.i.embedder.EclipseLogger - skip non existing resourceDirectory C:\Users\Cami\Documents\Faca\Materias\4to\Diseño de Sistemas de Software\javanlp\example-projects\GermanNovels\src\test\resources
2016-07-02 11:35:43,428 [Worker-77] WARN  o.e.m.c.i.embedder.EclipseLogger - Using platform encoding (Cp1252 actually) to copy filtered resources, i.e. build is platform dependent!
2016-07-02 11:35:43,444 [Worker-77] INFO  o.e.m.c.i.embedder.EclipseLogger - skip non existing resourceDirectory C:\Users\Cami\Documents\Faca\Materias\4to\Diseño de Sistemas de Software\javanlp\example-projects\GermanNovels\src\main\resources
2016-07-02 11:35:43,448 [Worker-77] WARN  o.e.m.c.i.embedder.EclipseLogger - Using platform encoding (Cp1252 actually) to copy filtered resources, i.e. build is platform dependent!
2016-07-02 11:35:43,472 [Worker-77] INFO  o.e.m.c.i.embedder.EclipseLogger - skip non existing resourceDirectory C:\Users\Cami\Documents\Faca\Materias\4to\Diseño de Sistemas de Software\javanlp\example-projects\GermanNovels\src\test\resources
